<?xml version="1.0" encoding="UTF-8"?>
<!-- Generated by org.testng.reporters.JUnitReportReporter -->
<testsuite name="pack1.NewTest" tests="1" time="14.024" ignored="0" failures="0" timestamp="03 Feb 2018 09:29:41 GMT" skipped="0" hostname="CBT-LAB-034" errors="0">
  <testcase name="f" time="14.024" classname="pack1.NewTest"/>
</testsuite> <!-- pack1.NewTest -->
